2024-10-17T20:36:30.143+04:00  INFO 23004 --- [Spring_AOP_DZ8_SulagaevDV] [main] r.g.s.SpringAopDz8SulagaevDvApplication  : Starting SpringAopDz8SulagaevDvApplication using Java 21.0.2 with PID 23004 (C:\GB\Spring\Seminar8\Spring_AOP_DZ8_SulagaevDV\target\classes started by Дмитрий in C:\GB\Spring\Seminar8\Spring_AOP_DZ8_SulagaevDV)
2024-10-17T20:36:30.146+04:00  INFO 23004 --- [Spring_AOP_DZ8_SulagaevDV] [main] r.g.s.SpringAopDz8SulagaevDvApplication  : No active profile set, falling back to 1 default profile: "default"
2024-10-17T20:36:30.739+04:00  INFO 23004 --- [Spring_AOP_DZ8_SulagaevDV] [main] .s.d.r.c.RepositoryConfigurationDelegate : Bootstrapping Spring Data JPA repositories in DEFAULT mode.
2024-10-17T20:36:30.785+04:00  INFO 23004 --- [Spring_AOP_DZ8_SulagaevDV] [main] .s.d.r.c.RepositoryConfigurationDelegate : Finished Spring Data repository scanning in 40 ms. Found 1 JPA repository interface.
2024-10-17T20:36:31.228+04:00  INFO 23004 --- [Spring_AOP_DZ8_SulagaevDV] [main] o.s.b.w.embedded.tomcat.TomcatWebServer  : Tomcat initialized with port 8080 (http)
2024-10-17T20:36:31.241+04:00  INFO 23004 --- [Spring_AOP_DZ8_SulagaevDV] [main] o.apache.catalina.core.StandardService   : Starting service [Tomcat]
2024-10-17T20:36:31.242+04:00  INFO 23004 --- [Spring_AOP_DZ8_SulagaevDV] [main] o.apache.catalina.core.StandardEngine    : Starting Servlet engine: [Apache Tomcat/10.1.30]
2024-10-17T20:36:31.291+04:00  INFO 23004 --- [Spring_AOP_DZ8_SulagaevDV] [main] o.a.c.c.C.[Tomcat].[localhost].[/]       : Initializing Spring embedded WebApplicationContext
2024-10-17T20:36:31.292+04:00  INFO 23004 --- [Spring_AOP_DZ8_SulagaevDV] [main] w.s.c.ServletWebServerApplicationContext : Root WebApplicationContext: initialization completed in 1095 ms
2024-10-17T20:36:31.393+04:00  INFO 23004 --- [Spring_AOP_DZ8_SulagaevDV] [main] com.zaxxer.hikari.HikariDataSource       : HikariPool-1 - Starting...
2024-10-17T20:36:31.624+04:00  INFO 23004 --- [Spring_AOP_DZ8_SulagaevDV] [main] com.zaxxer.hikari.pool.HikariPool        : HikariPool-1 - Added connection conn0: url=jdbc:h2:mem:c657e967-82e2-43e1-a8b4-7f0b34bedd94 user=SA
2024-10-17T20:36:31.626+04:00  INFO 23004 --- [Spring_AOP_DZ8_SulagaevDV] [main] com.zaxxer.hikari.HikariDataSource       : HikariPool-1 - Start completed.
2024-10-17T20:36:31.663+04:00  INFO 23004 --- [Spring_AOP_DZ8_SulagaevDV] [main] o.hibernate.jpa.internal.util.LogHelper  : HHH000204: Processing PersistenceUnitInfo [name: default]
2024-10-17T20:36:31.708+04:00  INFO 23004 --- [Spring_AOP_DZ8_SulagaevDV] [main] org.hibernate.Version                    : HHH000412: Hibernate ORM core version 6.5.3.Final
2024-10-17T20:36:31.735+04:00  INFO 23004 --- [Spring_AOP_DZ8_SulagaevDV] [main] o.h.c.internal.RegionFactoryInitiator    : HHH000026: Second-level cache disabled
2024-10-17T20:36:31.980+04:00  INFO 23004 --- [Spring_AOP_DZ8_SulagaevDV] [main] o.s.o.j.p.SpringPersistenceUnitInfo      : No LoadTimeWeaver setup: ignoring JPA class transformer
2024-10-17T20:36:32.678+04:00  INFO 23004 --- [Spring_AOP_DZ8_SulagaevDV] [main] o.h.e.t.j.p.i.JtaPlatformInitiator       : HHH000489: No JTA platform available (set 'hibernate.transaction.jta.platform' to enable JTA platform integration)
2024-10-17T20:36:32.709+04:00  INFO 23004 --- [Spring_AOP_DZ8_SulagaevDV] [main] j.LocalContainerEntityManagerFactoryBean : Initialized JPA EntityManagerFactory for persistence unit 'default'
2024-10-17T20:36:32.933+04:00  WARN 23004 --- [Spring_AOP_DZ8_SulagaevDV] [main] JpaBaseConfiguration$JpaWebConfiguration : spring.jpa.open-in-view is enabled by default. Therefore, database queries may be performed during view rendering. Explicitly configure spring.jpa.open-in-view to disable this warning
2024-10-17T20:36:33.241+04:00  INFO 23004 --- [Spring_AOP_DZ8_SulagaevDV] [main] o.s.b.w.embedded.tomcat.TomcatWebServer  : Tomcat started on port 8080 (http) with context path '/'
2024-10-17T20:36:33.249+04:00  INFO 23004 --- [Spring_AOP_DZ8_SulagaevDV] [main] r.g.s.SpringAopDz8SulagaevDvApplication  : Started SpringAopDz8SulagaevDvApplication in 3.578 seconds (process running for 4.216)
2024-10-17T20:36:39.472+04:00  INFO 23004 --- [Spring_AOP_DZ8_SulagaevDV] [http-nio-8080-exec-1] o.a.c.c.C.[Tomcat].[localhost].[/]       : Initializing Spring DispatcherServlet 'dispatcherServlet'
2024-10-17T20:36:39.473+04:00  INFO 23004 --- [Spring_AOP_DZ8_SulagaevDV] [http-nio-8080-exec-1] o.s.web.servlet.DispatcherServlet        : Initializing Servlet 'dispatcherServlet'
2024-10-17T20:36:39.474+04:00  INFO 23004 --- [Spring_AOP_DZ8_SulagaevDV] [http-nio-8080-exec-1] o.s.web.servlet.DispatcherServlet        : Completed initialization in 1 ms
2024-10-17T20:37:00.113+04:00  INFO 23004 --- [Spring_AOP_DZ8_SulagaevDV] [SpringApplicationShutdownHook] j.LocalContainerEntityManagerFactoryBean : Closing JPA EntityManagerFactory for persistence unit 'default'
2024-10-17T20:37:00.117+04:00  INFO 23004 --- [Spring_AOP_DZ8_SulagaevDV] [SpringApplicationShutdownHook] com.zaxxer.hikari.HikariDataSource       : HikariPool-1 - Shutdown initiated...
2024-10-17T20:37:00.118+04:00  INFO 23004 --- [Spring_AOP_DZ8_SulagaevDV] [SpringApplicationShutdownHook] com.zaxxer.hikari.HikariDataSource       : HikariPool-1 - Shutdown completed.
